▲ Next.js 16.1.1 (Turbopack)
- Local:         http://localhost:3000
- Network:       http://192.168.1.32:3000
- Environments: .env.local

✓ Starting...
✓ Ready in 759ms
 GET / 200 in 619ms (compile: 390ms, render: 229ms)
 GET / 200 in 138ms (compile: 7ms, render: 132ms)
 GET / 200 in 79ms (compile: 7ms, render: 71ms)
 GET / 200 in 188ms (compile: 7ms, render: 181ms)
 GET / 200 in 45ms (compile: 3ms, render: 42ms)
 GET /api/tags 200 in 330ms (compile: 144ms, render: 187ms)
 GET /api/tags 200 in 102ms (compile: 12ms, render: 90ms)
 GET /api/tags 200 in 66ms (compile: 12ms, render: 54ms)
 GET /api/tags 200 in 53ms (compile: 6ms, render: 47ms)
 GET /api/tags 200 in 56ms (compile: 9ms, render: 47ms)
 GET /api/tags 200 in 48ms (compile: 1402µs, render: 47ms)
 GET /api/tags 200 in 47ms (compile: 1652µs, render: 45ms)
 GET /api/tags 200 in 46ms (compile: 1617µs, render: 45ms)
 GET /api/tags 200 in 53ms (compile: 3ms, render: 50ms)
 GET /api/tags 200 in 47ms (compile: 1688µs, render: 45ms)
✓ Compiled in 370ms
✓ Compiled in 33ms
 GET / 200 in 291ms (compile: 87ms, render: 204ms)
 GET / 200 in 144ms (compile: 2ms, render: 141ms)
 GET / 200 in 98ms (compile: 5ms, render: 93ms)
 GET / 200 in 80ms (compile: 4ms, render: 76ms)
 GET / 200 in 70ms (compile: 3ms, render: 67ms)
✓ Compiled in 36ms
 GET / 200 in 154ms (compile: 35ms, render: 119ms)
 GET / 200 in 104ms (compile: 4ms, render: 100ms)
 GET / 200 in 86ms (compile: 5ms, render: 81ms)
 GET / 200 in 91ms (compile: 3ms, render: 87ms)
 GET / 200 in 86ms (compile: 1808µs, render: 84ms)
✓ Compiled in 22ms
 GET / 200 in 170ms (compile: 27ms, render: 142ms)
 GET / 200 in 146ms (compile: 3ms, render: 143ms)
 GET / 200 in 101ms (compile: 6ms, render: 95ms)
 GET / 200 in 69ms (compile: 1510µs, render: 67ms)
 GET / 200 in 35ms (compile: 3ms, render: 32ms)
✓ Compiled in 23ms
 GET / 200 in 231ms (compile: 54ms, render: 177ms)
 GET / 200 in 160ms (compile: 1482µs, render: 159ms)
 GET / 200 in 141ms (compile: 10ms, render: 130ms)
 GET / 200 in 112ms (compile: 2ms, render: 110ms)
 GET / 200 in 80ms (compile: 8ms, render: 72ms)
✓ Compiled in 26ms
 GET / 200 in 171ms (compile: 33ms, render: 138ms)
 GET / 200 in 108ms (compile: 1464µs, render: 107ms)
 GET / 200 in 61ms (compile: 6ms, render: 55ms)
 GET / 200 in 59ms (compile: 1257µs, render: 58ms)
 GET / 200 in 33ms (compile: 4ms, render: 29ms)
✓ Compiled in 42ms
 GET / 200 in 231ms (compile: 62ms, render: 169ms)
 GET / 200 in 134ms (compile: 3ms, render: 131ms)
 GET / 200 in 130ms (compile: 15ms, render: 116ms)
 GET / 200 in 94ms (compile: 3ms, render: 91ms)
 GET / 200 in 81ms (compile: 1567µs, render: 79ms)
✓ Compiled in 33ms
 GET / 200 in 260ms (compile: 37ms, render: 223ms)
 GET / 200 in 189ms (compile: 3ms, render: 186ms)
 GET / 200 in 160ms (compile: 6ms, render: 154ms)
 GET / 200 in 159ms (compile: 10ms, render: 149ms)
 GET / 200 in 151ms (compile: 6ms, render: 145ms)
✓ Compiled in 42ms
 GET / 200 in 309ms (compile: 83ms, render: 226ms)
 GET / 200 in 168ms (compile: 5ms, render: 163ms)
 GET / 200 in 119ms (compile: 9ms, render: 110ms)
 GET / 200 in 104ms (compile: 1913µs, render: 102ms)
 GET / 200 in 56ms (compile: 11ms, render: 45ms)
✓ Compiled in 26ms
 GET / 200 in 246ms (compile: 51ms, render: 196ms)
 GET / 200 in 104ms (compile: 3ms, render: 101ms)
 GET / 200 in 67ms (compile: 3ms, render: 65ms)
 GET / 200 in 87ms (compile: 11ms, render: 76ms)
 GET / 200 in 76ms (compile: 2ms, render: 74ms)
✓ Compiled in 43ms
 GET / 200 in 198ms (compile: 42ms, render: 156ms)
 GET / 200 in 97ms (compile: 1831µs, render: 96ms)
 GET / 200 in 130ms (compile: 6ms, render: 124ms)
 GET / 200 in 102ms (compile: 2ms, render: 100ms)
 GET / 200 in 115ms (compile: 2ms, render: 113ms)
✓ Compiled in 26ms
 GET / 200 in 181ms (compile: 28ms, render: 152ms)
 GET / 200 in 116ms (compile: 2ms, render: 114ms)
 GET / 200 in 81ms (compile: 7ms, render: 74ms)
 GET / 200 in 37ms (compile: 3ms, render: 34ms)
 GET / 200 in 18ms (compile: 1491µs, render: 16ms)
✓ Compiled in 30ms
 GET / 200 in 189ms (compile: 32ms, render: 157ms)
 GET / 200 in 116ms (compile: 2ms, render: 114ms)
 GET / 200 in 78ms (compile: 8ms, render: 69ms)
 GET / 200 in 142ms (compile: 1418µs, render: 140ms)
 GET / 200 in 129ms (compile: 20ms, render: 108ms)
 GET /api/tags 200 in 178ms (compile: 14ms, render: 164ms)
 GET /api/tags 200 in 45ms (compile: 2ms, render: 43ms)
 GET /api/tags 200 in 58ms (compile: 7ms, render: 51ms)
 GET /api/tags 200 in 69ms (compile: 2ms, render: 67ms)
 GET /api/tags 200 in 60ms (compile: 16ms, render: 43ms)
 GET /api/tags 200 in 48ms (compile: 4ms, render: 44ms)
 GET /api/tags 200 in 43ms (compile: 932µs, render: 42ms)
 GET /api/tags 200 in 45ms (compile: 2ms, render: 43ms)
 GET /api/tags 200 in 43ms (compile: 1119µs, render: 42ms)
 GET /api/tags 200 in 46ms (compile: 1981µs, render: 44ms)
✓ Compiled in 51ms
 GET /api/tags 200 in 132ms (compile: 1432µs, render: 130ms)
 GET /api/tags 200 in 42ms (compile: 952µs, render: 41ms)
 GET /api/tags 200 in 44ms (compile: 1381µs, render: 43ms)
 GET /api/tags 200 in 44ms (compile: 1834µs, render: 42ms)
 GET /api/tags 200 in 42ms (compile: 845µs, render: 41ms)
✓ Compiled in 23ms
✓ Compiled in 38ms
